<?xml version="1.0" encoding="UTF-8"?>
<!-- Generated by org.testng.reporters.JUnitReportReporter -->
<testsuite ignored="0" hostname="DESKTOP-EKJ5BNI" failures="0" tests="1" name="pruebas.RegisterTest" time="14.794" errors="0" timestamp="02 sep. 2023 15:50:12 GMT" skipped="0">
  <testcase classname="pruebas.RegisterTest" name="register_valid" time="14.794"/>
</testsuite> <!-- pruebas.RegisterTest -->
