<?xml version="1.0" encoding="UTF-8"?>
<!-- Generated by org.testng.reporters.JUnitReportReporter -->
<testsuite ignored="0" hostname="DESKTOP-EKJ5BNI" failures="0" tests="2" name="pruebas.LoginTest" time="17.321" errors="0" timestamp="02 sep. 2023 15:50:12 GMT" skipped="0">
  <testcase classname="pruebas.LoginTest" name="login_invalid" time="9.127"/>
  <testcase classname="pruebas.LoginTest" name="login_valid" time="8.194"/>
</testsuite> <!-- pruebas.LoginTest -->
